0 info it worked if it ends with ok
1 verbose cli [ '/usr/local/bin/node',
1 verbose cli   '/usr/local/bin/npm',
1 verbose cli   'install',
1 verbose cli   '-g',
1 verbose cli   'npm@latest' ]
2 info using npm@1.3.22
3 info using node@v0.12.0
4 verbose cache add [ 'npm@latest', null ]
5 verbose cache add name=undefined spec="npm@latest" args=["npm@latest",null]
6 verbose parsed url { protocol: null,
6 verbose parsed url   slashes: null,
6 verbose parsed url   auth: null,
6 verbose parsed url   host: null,
6 verbose parsed url   port: null,
6 verbose parsed url   hostname: null,
6 verbose parsed url   hash: null,
6 verbose parsed url   search: null,
6 verbose parsed url   query: null,
6 verbose parsed url   pathname: 'npm@latest',
6 verbose parsed url   path: 'npm@latest',
6 verbose parsed url   href: 'npm@latest' }
7 verbose cache add name="npm" spec="latest" args=["npm","latest"]
8 verbose parsed url { protocol: null,
8 verbose parsed url   slashes: null,
8 verbose parsed url   auth: null,
8 verbose parsed url   host: null,
8 verbose parsed url   port: null,
8 verbose parsed url   hostname: null,
8 verbose parsed url   hash: null,
8 verbose parsed url   search: null,
8 verbose parsed url   query: null,
8 verbose parsed url   pathname: 'latest',
8 verbose parsed url   path: 'latest',
8 verbose parsed url   href: 'latest' }
9 verbose addNamed [ 'npm', 'latest' ]
10 verbose addNamed [ null, null ]
11 silly lockFile 588f5fcc-npm-latest npm@latest
12 verbose lock npm@latest /Users/thebeckyhamm/.npm/588f5fcc-npm-latest.lock
13 info addNameTag [ 'npm', 'latest' ]
14 verbose url raw npm
15 verbose url resolving [ 'https://registry.npmjs.org/', './npm' ]
16 verbose url resolved https://registry.npmjs.org/npm
17 info trying registry request attempt 1 at 4:37:28 PM
18 http GET https://registry.npmjs.org/npm
19 info retry will retry, error on last attempt: Error: certificate not trusted
20 info trying registry request attempt 2 at 4:37:38 PM
21 http GET https://registry.npmjs.org/npm
22 info retry will retry, error on last attempt: Error: certificate not trusted
23 info trying registry request attempt 3 at 4:38:38 PM
24 http GET https://registry.npmjs.org/npm
25 silly lockFile 588f5fcc-npm-latest npm@latest
26 silly lockFile 588f5fcc-npm-latest npm@latest
27 error Error: certificate not trusted
27 error     at Error (native)
27 error     at TLSSocket.<anonymous> (_tls_wrap.js:927:36)
27 error     at TLSSocket.emit (events.js:104:17)
27 error     at TLSSocket._finishInit (_tls_wrap.js:458:8)
28 error If you need help, you may report this *entire* log,
28 error including the npm and node versions, at:
28 error     <http://github.com/isaacs/npm/issues>
29 error System Darwin 16.7.0
30 error command "/usr/local/bin/node" "/usr/local/bin/npm" "install" "-g" "npm@latest"
31 error cwd /Users/thebeckyhamm/Projects/MetricSlice2015
32 error node -v v0.12.0
33 error npm -v 1.3.22
34 error code CERT_UNTRUSTED
35 verbose exit [ 1, true ]
